# JRE version: OpenJDK Runtime Environment (15.0.2+7) (build 15.0.2+7-27)
# Java VM: OpenJDK 64-Bit Server VM (15.0.2+7-27, mixed mode, tiered, compressed oops, g1 gc, windows-amd64)
GC Precious Log:
 CPUs: 4 total, 4 available
 Memory: 6092M
 Large Page Support: Disabled
 NUMA Support: Disabled
 Compressed Oops: Enabled (32-bit)
 Heap Region Size: 1M
 Heap Min Capacity: 8M
 Heap Initial Capacity: 96M
 Heap Max Capacity: 1524M
 Pre-touch: Disabled
 Parallel Workers: 4
 Concurrent Workers: 1
 Concurrent Refinement Workers: 4
 Periodic GC: Disabled
Heap:
 garbage-first heap   total 386048K, used 265551K [0x00000000a0c00000, 0x0000000100000000)
  region size 1024K, 41 young (41984K), 6 survivors (6144K)
 Metaspace       used 55202K, capacity 56017K, committed 56240K, reserved 1099776K
  class space    used 6607K, capacity 6881K, committed 6912K, reserved 1048576K
GC Heap History (20 events):
Event: 68077.692 GC heap before
{Heap before GC invocations=267 (full 2):
 garbage-first heap   total 347136K, used 202306K [0x00000000a0c00000, 0x0000000100000000)
  region size 1024K, 7 young (7168K), 5 survivors (5120K)
 Metaspace       used 55148K, capacity 56017K, committed 56240K, reserved 1099776K
  class space    used 6606K, capacity 6881K, committed 6912K, reserved 1048576K
}
Event: 68077.696 GC heap after
{Heap after GC invocations=268 (full 2):
 garbage-first heap   total 347136K, used 203069K [0x00000000a0c00000, 0x0000000100000000)
  region size 1024K, 6 young (6144K), 6 survivors (6144K)
 Metaspace       used 55148K, capacity 56017K, committed 56240K, reserved 1099776K
  class space    used 6606K, capacity 6881K, committed 6912K, reserved 1048576K
}
Event: 68077.986 GC heap before
{Heap before GC invocations=269 (full 2):
 garbage-first heap   total 350208K, used 204093K [0x00000000a0c00000, 0x0000000100000000)
  region size 1024K, 7 young (7168K), 6 survivors (6144K)
 Metaspace       used 55148K, capacity 56017K, committed 56240K, reserved 1099776K
  class space    used 6606K, capacity 6881K, committed 6912K, reserved 1048576K
}
Event: 68077.989 GC heap after
{Heap after GC invocations=270 (full 2):
 garbage-first heap   total 350208K, used 204093K [0x00000000a0c00000, 0x0000000100000000)
  region size 1024K, 6 young (6144K), 6 survivors (6144K)
 Metaspace       used 55148K, capacity 56017K, committed 56240K, reserved 1099776K
  class space    used 6606K, capacity 6881K, committed 6912K, reserved 1048576K
}
Event: 68078.134 GC heap before
{Heap before GC invocations=271 (full 2):
 garbage-first heap   total 352256K, used 205117K [0x00000000a0c00000, 0x0000000100000000)
  region size 1024K, 7 young (7168K), 6 survivors (6144K)
 Metaspace       used 55148K, capacity 56017K, committed 56240K, reserved 1099776K
  class space    used 6606K, capacity 6881K, committed 6912K, reserved 1048576K
}
Event: 68078.137 GC heap after
{Heap after GC invocations=272 (full 2):
 garbage-first heap   total 352256K, used 205095K [0x00000000a0c00000, 0x0000000100000000)
  region size 1024K, 6 young (6144K), 6 survivors (6144K)
 Metaspace       used 55148K, capacity 56017K, committed 56240K, reserved 1099776K
  class space    used 6606K, capacity 6881K, committed 6912K, reserved 1048576K
}
Event: 68078.265 GC heap before
{Heap before GC invocations=273 (full 2):
 garbage-first heap   total 355328K, used 207143K [0x00000000a0c00000, 0x0000000100000000)
  region size 1024K, 7 young (7168K), 6 survivors (6144K)
 Metaspace       used 55148K, capacity 56017K, committed 56240K, reserved 1099776K
  class space    used 6606K, capacity 6881K, committed 6912K, reserved 1048576K
}
Event: 68078.269 GC heap after
{Heap after GC invocations=274 (full 2):
 garbage-first heap   total 355328K, used 207143K [0x00000000a0c00000, 0x0000000100000000)
  region size 1024K, 6 young (6144K), 6 survivors (6144K)
 Metaspace       used 55148K, capacity 56017K, committed 56240K, reserved 1099776K
  class space    used 6606K, capacity 6881K, committed 6912K, reserved 1048576K
}
Event: 68080.052 GC heap before
{Heap before GC invocations=275 (full 2):
 garbage-first heap   total 357376K, used 211239K [0x00000000a0c00000, 0x0000000100000000)
  region size 1024K, 11 young (11264K), 6 survivors (6144K)
 Metaspace       used 55148K, capacity 56017K, committed 56240K, reserved 1099776K
  class space    used 6606K, capacity 6881K, committed 6912K, reserved 1048576K
}
Event: 68080.057 GC heap after
{Heap after GC invocations=276 (full 2):
 garbage-first heap   total 357376K, used 211385K [0x00000000a0c00000, 0x0000000100000000)
  region size 1024K, 9 young (9216K), 9 survivors (9216K)
 Metaspace       used 55148K, capacity 56017K, committed 56240K, reserved 1099776K
  class space    used 6606K, capacity 6881K, committed 6912K, reserved 1048576K
}
Event: 68081.794 GC heap before
{Heap before GC invocations=277 (full 2):
 garbage-first heap   total 363520K, used 212409K [0x00000000a0c00000, 0x0000000100000000)
  region size 1024K, 11 young (11264K), 9 survivors (9216K)
 Metaspace       used 55148K, capacity 56017K, committed 56240K, reserved 1099776K
  class space    used 6606K, capacity 6881K, committed 6912K, reserved 1048576K
}
Event: 68081.800 GC heap after
{Heap after GC invocations=278 (full 2):
 garbage-first heap   total 363520K, used 213942K [0x00000000a0c00000, 0x0000000100000000)
  region size 1024K, 5 young (5120K), 5 survivors (5120K)
 Metaspace       used 55148K, capacity 56017K, committed 56240K, reserved 1099776K
  class space    used 6606K, capacity 6881K, committed 6912K, reserved 1048576K
}
Event: 68090.157 GC heap before
{Heap before GC invocations=279 (full 2):
 garbage-first heap   total 370688K, used 219062K [0x00000000a0c00000, 0x0000000100000000)
  region size 1024K, 10 young (10240K), 5 survivors (5120K)
 Metaspace       used 55148K, capacity 56017K, committed 56240K, reserved 1099776K
  class space    used 6606K, capacity 6881K, committed 6912K, reserved 1048576K
}
Event: 68090.163 GC heap after
{Heap after GC invocations=280 (full 2):
 garbage-first heap   total 370688K, used 219948K [0x00000000a0c00000, 0x0000000100000000)
  region size 1024K, 5 young (5120K), 5 survivors (5120K)
 Metaspace       used 55148K, capacity 56017K, committed 56240K, reserved 1099776K
  class space    used 6606K, capacity 6881K, committed 6912K, reserved 1048576K
}
Event: 68096.471 GC heap before
{Heap before GC invocations=281 (full 2):
 garbage-first heap   total 377856K, used 221996K [0x00000000a0c00000, 0x0000000100000000)
  region size 1024K, 7 young (7168K), 5 survivors (5120K)
 Metaspace       used 55148K, capacity 56017K, committed 56240K, reserved 1099776K
  class space    used 6606K, capacity 6881K, committed 6912K, reserved 1048576K
}
Event: 68096.475 GC heap after
{Heap after GC invocations=282 (full 2):
 garbage-first heap   total 377856K, used 221533K [0x00000000a0c00000, 0x0000000100000000)
  region size 1024K, 1 young (1024K), 1 survivors (1024K)
 Metaspace       used 55148K, capacity 56017K, committed 56240K, reserved 1099776K
  class space    used 6606K, capacity 6881K, committed 6912K, reserved 1048576K
}
Event: 68104.121 GC heap before
{Heap before GC invocations=283 (full 2):
 garbage-first heap   total 382976K, used 223581K [0x00000000a0c00000, 0x0000000100000000)
  region size 1024K, 2 young (2048K), 1 survivors (1024K)
 Metaspace       used 55148K, capacity 56017K, committed 56240K, reserved 1099776K
  class space    used 6606K, capacity 6881K, committed 6912K, reserved 1048576K
}
Event: 68104.124 GC heap after
{Heap after GC invocations=284 (full 2):
 garbage-first heap   total 382976K, used 223591K [0x00000000a0c00000, 0x0000000100000000)
  region size 1024K, 1 young (1024K), 1 survivors (1024K)
 Metaspace       used 55148K, capacity 56017K, committed 56240K, reserved 1099776K
  class space    used 6606K, capacity 6881K, committed 6912K, reserved 1048576K
}
Event: 68744.035 GC heap before
{Heap before GC invocations=285 (full 2):
 garbage-first heap   total 386048K, used 279911K [0x00000000a0c00000, 0x0000000100000000)
  region size 1024K, 55 young (56320K), 1 survivors (1024K)
 Metaspace       used 55155K, capacity 56017K, committed 56240K, reserved 1099776K
  class space    used 6606K, capacity 6881K, committed 6912K, reserved 1048576K
}
Event: 68744.042 GC heap after
{Heap after GC invocations=286 (full 2):
 garbage-first heap   total 386048K, used 230735K [0x00000000a0c00000, 0x0000000100000000)
  region size 1024K, 6 young (6144K), 6 survivors (6144K)
 Metaspace       used 55155K, capacity 56017K, committed 56240K, reserved 1099776K
  class space    used 6606K, capacity 6881K, committed 6912K, reserved 1048576K
}

